<?xml version="1.0" encoding="UTF-8"?>
<!-- Generated by org.testng.reporters.JUnitReportReporter -->
<testsuite skipped="0" hostname="MeghanaRamchandra" name="MagentoTest" tests="1" failures="0" timestamp="13 Oct 2018 06:07:57 GMT" time="74.954" errors="0">
  <testcase name="posCredentials" time="74.954" classname="MagentoTest"/>
</testsuite> <!-- MagentoTest -->
